0 info it worked if it ends with ok
1 verbose cli [ 'node', '/usr/local/bin/npm', 'uninstall', 'npm', '-g' ]
2 info using npm@1.3.8
3 info using node@v0.10.18
4 info /usr/local/lib/node_modules/npm unbuild
5 info preuninstall npm@1.3.8
6 info uninstall npm@1.3.8
7 verbose true,/usr/local/lib/node_modules,/usr/local/lib/node_modules unbuild npm@1.3.8
8 verbose /usr/local/bin,[object Object] binRoot
9 info postuninstall npm@1.3.8
10 error Error: EACCES, unlink '/usr/local/lib/node_modules/npm'
10 error  { [Error: EACCES, unlink '/usr/local/lib/node_modules/npm']
10 error   errno: 3,
10 error   code: 'EACCES',
10 error   path: '/usr/local/lib/node_modules/npm' }
11 error Please try running this command again as root/Administrator.
12 error System Darwin 13.0.0
13 error command "node" "/usr/local/bin/npm" "uninstall" "npm" "-g"
14 error cwd /Users/FWeinb/GitHub/browserhacks
15 error node -v v0.10.18
16 error npm -v 1.3.8
17 error path /usr/local/lib/node_modules/npm
18 error code EACCES
19 error errno 3
20 error stack Error: EACCES, unlink '/usr/local/lib/node_modules/npm'
21 verbose exit [ 3, true ]
